<?xml version="1.0" encoding="UTF-8"?>
<!-- Generated by org.testng.reporters.JUnitReportReporter -->
<testsuite hostname="DESKTOP-EVNKM3L" failures="0" tests="1" name="sample.FlipkartTest" time="35.911" errors="0" timestamp="2024-01-05T14:32:07 IST" skipped="0">
  <testcase classname="sample.FlipkartTest" name="flipkartTest" time="35.911"/>
  <system-out/>
</testsuite> <!-- sample.FlipkartTest -->
